<?xml version="1.0" encoding="UTF-8"?>
<testng-results skipped="0" failed="0" total="1" passed="1">
  <reporter-output>
  </reporter-output>
  <suite name="Default suite" duration-ms="44" started-at="2019-12-28T14:24:03Z" finished-at="2019-12-28T14:24:03Z">
    <groups>
    </groups>
    <test name="Default test" duration-ms="44" started-at="2019-12-28T14:24:03Z" finished-at="2019-12-28T14:24:03Z">
      <class name="MavenDemo">
        <test-method status="PASS" signature="mavenWorld()[pri:0, instance:MavenDemo@531be3c5]" name="mavenWorld" duration-ms="17" started-at="2019-12-28T19:54:03Z" finished-at="2019-12-28T19:54:03Z">
          <reporter-output>
          </reporter-output>
        </test-method> <!-- mavenWorld -->
      </class> <!-- MavenDemo -->
    </test> <!-- Default test -->
  </suite> <!-- Default suite -->
</testng-results>
